#
# There is insufficient memory for the Java Runtime Environment to continue.
# Native memory allocation (malloc) failed to allocate 1030896 bytes for Chunk::new
# Possible reasons:
#   The system is out of physical RAM or swap space
#   The process is running with CompressedOops enabled, and the Java Heap may be blocking the growth of the native heap
# Possible solutions:
#   Reduce memory load on the system
#   Increase physical memory or swap space
#   Check if swap backing store is full
#   Decrease Java heap size (-Xmx/-Xms)
#   Decrease number of Java threads
#   Decrease Java thread stack sizes (-Xss)
#   Set larger code cache with -XX:ReservedCodeCacheSize=
#   JVM is running with Unscaled Compressed Oops mode in which the Java heap is
#     placed in the first 4GB address space. The Java Heap base address is the
#     maximum limit for the native heap growth. Please use -XX:HeapBaseMinAddress
#     to set the Java Heap base and to place the Java Heap above 4GB virtual address.
# This output file may be truncated or incomplete.
#
#  Out of Memory Error (./src/hotspot/share/memory/arena.cpp:197), pid=8092, tid=1844
#
# JRE version: OpenJDK Runtime Environment Corretto-11.0.15.9.1 (11.0.15+9) (build 11.0.15+9-LTS)
# Java VM: OpenJDK 64-Bit Server VM Corretto-11.0.15.9.1 (11.0.15+9-LTS, mixed mode, tiered, compressed oops, g1 gc, windows-amd64)
# No core dump will be written. Minidumps are not enabled by default on client versions of Windows
#

---------------  S U M M A R Y ------------

Command Line: -Dallure.results.directory=C:\Net3\IdeaProjects\DiplomaV2\qadiplomav2\build\allure-results -Ddb.url -Djunit.jupiter.extensions.autodetection.enabled=true -Dorg.gradle.internal.worker.tmpdir=C:\Net3\IdeaProjects\DiplomaV2\qadiplomav2\build\tmp\test\work -Dorg.gradle.native=false -Dselenide.headless -javaagent:C:\Users\VTB\.gradle\caches\modules-2\files-2.1\org.aspectj\aspectjweaver\1.9.5\1740dc9140103b796d1722668805fd4cf852780c\aspectjweaver-1.9.5.jar --add-opens=java.base/java.util=ALL-UNNAMED --add-opens=java.base/java.lang=ALL-UNNAMED -Xmx512m -Dfile.encoding=windows-1251 -Duser.country=RU -Duser.language=ru -Duser.variant -ea worker.org.gradle.process.internal.worker.GradleWorkerMain 'Gradle Test Executor 2'

Host: Intel(R) Core(TM) i3-6006U CPU @ 2.00GHz, 4 cores, 3G,  Windows 10 , 64 bit Build 19041 (10.0.19041.2251)
Time: Sat Dec 17 22:35:31 2022 RTZ 2 (s 10 , 64 bit Build 19041 (10.0.19041.2251) elapsed time: 14.914349 seconds (0d 0h 0m 14s)

---------------  T H R E A D  ---------------

Current thread (0x000002481e211800):  JavaThread "C2 CompilerThread0" daemon [_thread_in_native, id=1844, stack(0x000000d7dd400000,0x000000d7dd500000)]


Current CompileTask:
C2:  14914 1976   !   4       org.aspectj.weaver.World::resolve (293 bytes)

Stack: [0x000000d7dd400000,0x000000d7dd500000]
Native frames: (J=compiled Java code, j=interpreted, Vv=VM code, C=native code)
V  [jvm.dll+0x61e7ba]
V  [jvm.dll+0x7ab749]
V  [jvm.dll+0x7ace38]
V  [jvm.dll+0x7ad513]
V  [jvm.dll+0x24f968]
V  [jvm.dll+0xc262c]
V  [jvm.dll+0xc2bec]
V  [jvm.dll+0x359ba7]
V  [jvm.dll+0x19e789]
V  [jvm.dll+0x208eb2]
V  [jvm.dll+0x207f8d]
V  [jvm.dll+0x18a371]
V  [jvm.dll+0x2176e4]
V  [jvm.dll+0x21592b]
V  [jvm.dll+0x76e250]
V  [jvm.dll+0x7671b4]
V  [jvm.dll+0x61d616]
C  [ucrtbase.dll+0x21bb2]
C  [KERNEL32.DLL+0x174b4]
C  [ntdll.dll+0x526a1]


---------------  P R O C E S S  ---------------

Threads class SMR info:
_java_thread_list=0x000002481f8587e0, length=13, elements={
0x0000024802aa9000, 0x000002481e1a2800, 0x000002481e1ae000, 0x000002481e202000,
0x000002481e203000, 0x000002481e204000, 0x000002481e211800, 0x000002481e215000,
0x000002481e218000, 0x000002481e49b000, 0x000002481f784800, 0x000002481f841800,
0x000002481f875800
}

Java Threads: ( => current thread )
  0x0000024802aa9000 JavaThread "Test worker" [_thread_in_vm, id=15412, stack(0x000000d7dc800000,0x000000d7dc900000)]
  0x000002481e1a2800 JavaThread "Reference Handler" daemon [_thread_blocked, id=2608, stack(0x000000d7dcf00000,0x000000d7dd000000)]
  0x000002481e1ae000 JavaThread "Finalizer" daemon [_thread_blocked, id=15312, stack(0x000000d7dd000000,0x000000d7dd100000)]
  0x000002481e202000 JavaThread "Signal Dispatcher" daemon [_thread_blocked, id=16352, stack(0x000000d7dd100000,0x000000d7dd200000)]
  0x000002481e203000 JavaThread "Attach Listener" daemon [_thread_blocked, id=11640, stack(0x000000d7dd200000,0x000000d7dd300000)]
  0x000002481e204000 JavaThread "Service Thread" daemon [_thread_blocked, id=8012, stack(0x000000d7dd300000,0x000000d7dd400000)]
=>0x000002481e211800 JavaThread "C2 CompilerThread0" daemon [_thread_in_native, id=1844, stack(0x000000d7dd400000,0x000000d7dd500000)]
  0x000002481e215000 JavaThread "C1 CompilerThread0" daemon [_thread_blocked, id=9564, stack(0x000000d7dd500000,0x000000d7dd600000)]
  0x000002481e218000 JavaThread "Sweeper thread" daemon [_thread_blocked, id=13720, stack(0x000000d7dd600000,0x000000d7dd700000)]
  0x000002481e49b000 JavaThread "Common-Cleaner" daemon [_thread_blocked, id=10904, stack(0x000000d7dd700000,0x000000d7dd800000)]
  0x000002481f784800 JavaThread "/127.0.0.1:58865 to /127.0.0.1:58860 workers" [_thread_blocked, id=13388, stack(0x000000d7ddb00000,0x000000d7ddc00000)]
  0x000002481f841800 JavaThread "/127.0.0.1:58865 to /127.0.0.1:58860 workers Thread 2" [_thread_blocked, id=14752, stack(0x000000d7ddc00000,0x000000d7ddd00000)]
  0x000002481f875800 JavaThread "/127.0.0.1:58865 to /127.0.0.1:58860 workers Thread 3" [_thread_in_native, id=15488, stack(0x000000d7ddd00000,0x000000d7dde00000)]

Other Threads:
  0x0000024802b7e800 VMThread "VM Thread" [stack: 0x000000d7dce00000,0x000000d7dcf00000] [id=8052]
  0x000002481eb18800 WatcherThread [stack: 0x000000d7dd800000,0x000000d7dd900000] [id=15720]
  0x0000024802ac1000 GCTaskThread "GC Thread#0" [stack: 0x000000d7dc900000,0x000000d7dca00000] [id=15476]
  0x000002481eec7000 GCTaskThread "GC Thread#1" [stack: 0x000000d7dd900000,0x000000d7dda00000] [id=4472]
  0x000002481fb77800 GCTaskThread "GC Thread#2" [stack: 0x000000d7dde00000,0x000000d7ddf00000] [id=12048]
  0x000002481f57e800 GCTaskThread "GC Thread#3" [stack: 0x000000d7ddf00000,0x000000d7de000000] [id=15220]
  0x0000024802ad3800 ConcurrentGCThread "G1 Main Marker" [stack: 0x000000d7dca00000,0x000000d7dcb00000] [id=16296]
  0x0000024802ad5000 ConcurrentGCThread "G1 Conc#0" [stack: 0x000000d7dcb00000,0x000000d7dcc00000] [id=11600]
  0x0000024802b28000 ConcurrentGCThread "G1 Refine#0" [stack: 0x000000d7dcc00000,0x000000d7dcd00000] [id=15676]
  0x0000024802b29000 ConcurrentGCThread "G1 Young RemSet Sampling" [stack: 0x000000d7dcd00000,0x000000d7dce00000] [id=12484]

Threads with active compile tasks:
C2 CompilerThread0    15001 1976   !   4       org.aspectj.weaver.World::resolve (293 bytes)

VM state:not at safepoint (normal execution)

VM Mutex/Monitor currently owned by a thread: None

Heap address: 0x00000000e0000000, size: 512 MB, Compressed Oops mode: 32-bit
Narrow klass base: 0x0000000000000000, Narrow klass shift: 3
Compressed class space size: 1073741824 Address: 0x0000000100000000

Heap:
 garbage-first heap   total 65536K, used 19943K [0x00000000e0000000, 0x0000000100000000)
  region size 1024K, 6 young (6144K), 4 survivors (4096K)
 Metaspace       used 20783K, capacity 21120K, committed 21296K, reserved 1069056K
  class space    used 2024K, capacity 2155K, committed 2176K, reserved 1048576K
Heap Regions: E=young(eden), S=young(survivor), O=old, HS=humongous(starts), HC=humongous(continues), CS=collection set, F=free, A=archive, TAMS=top-at-mark-start (previous, next)
|   0|0x00000000e0000000, 0x00000000e0100000, 0x00000000e0100000|100%| O|  |TAMS 0x00000000e0000000, 0x00000000e0000000| Untracked 
|   1|0x00000000e0100000, 0x00000000e0200000, 0x00000000e0200000|100%| O|  |TAMS 0x00000000e0100000, 0x00000000e0100000| Untracked 
|   2|0x00000000e0200000, 0x00000000e0300000, 0x00000000e0300000|100%| O|  |TAMS 0x00000000e0200000, 0x00000000e0200000| Untracked 
|   3|0x00000000e0300000, 0x00000000e0400000, 0x00000000e0400000|100%| O|  |TAMS 0x00000000e0300000, 0x00000000e0300000| Untracked 
|   4|0x00000000e0400000, 0x00000000e0500000, 0x00000000e0500000|100%| O|  |TAMS 0x00000000e0400000, 0x00000000e0400000| Untracked 
|   5|0x00000000e0500000, 0x00000000e0600000, 0x00000000e0600000|100%| O|  |TAMS 0x00000000e0500000, 0x00000000e0500000| Untracked 
|   6|0x00000000e0600000, 0x00000000e0700000, 0x00000000e0700000|100%| O|  |TAMS 0x00000000e0600000, 0x00000000e0600000| Untracked 
|   7|0x00000000e0700000, 0x00000000e0800000, 0x00000000e0800000|100%| O|  |TAMS 0x00000000e0700000, 0x00000000e0700000| Untracked 
|   8|0x00000000e0800000, 0x00000000e0900000, 0x00000000e0900000|100%| O|  |TAMS 0x00000000e0800000, 0x00000000e0800000| Untracked 
|   9|0x00000000e0900000, 0x00000000e0a00000, 0x00000000e0a00000|100%| O|  |TAMS 0x00000000e0900000, 0x00000000e0900000| Untracked 
|  10|0x00000000e0a00000, 0x00000000e0b00000, 0x00000000e0b00000|100%| O|  |TAMS 0x00000000e0a00000, 0x00000000e0a00000| Untracked 
|  11|0x00000000e0b00000, 0x00000000e0c00000, 0x00000000e0c00000|100%| O|  |TAMS 0x00000000e0b00000, 0x00000000e0b00000| Untracked 
|  12|0x00000000e0c00000, 0x00000000e0d00000, 0x00000000e0d00000|100%| O|  |TAMS 0x00000000e0c00000, 0x00000000e0c00000| Untracked 
|  13|0x00000000e0d00000, 0x00000000e0e00000, 0x00000000e0e00000|100%| O|  |TAMS 0x00000000e0d00000, 0x00000000e0d00000| Untracked 
|  14|0x00000000e0e00000, 0x00000000e0ea7200, 0x00000000e0f00000| 65%| O|  |TAMS 0x00000000e0e00000, 0x00000000e0e00000| Untracked 
|  15|0x00000000e0f00000, 0x00000000e0f00000, 0x00000000e1000000|  0%| F|  |TAMS 0x00000000e0f00000, 0x00000000e0f00000| Untracked 
|  16|0x00000000e1000000, 0x00000000e1000000, 0x00000000e1100000|  0%| F|  |TAMS 0x00000000e1000000, 0x00000000e1000000| Untracked 
|  17|0x00000000e1100000, 0x00000000e1100000, 0x00000000e1200000|  0%| F|  |TAMS 0x00000000e1100000, 0x00000000e1100000| Untracked 
|  18|0x00000000e1200000, 0x00000000e1200000, 0x00000000e1300000|  0%| F|  |TAMS 0x00000000e1200000, 0x00000000e1200000| Untracked 
|  19|0x00000000e1300000, 0x00000000e1300000, 0x00000000e1400000|  0%| F|  |TAMS 0x00000000e1300000, 0x00000000e1300000| Untracked 
|  20|0x00000000e1400000, 0x00000000e1400000, 0x00000000e1500000|  0%| F|  |TAMS 0x00000000e1400000, 0x00000000e1400000| Untracked 
|  21|0x00000000e1500000, 0x00000000e1500000, 0x00000000e1600000|  0%| F|  |TAMS 0x00000000e1500000, 0x00000000e1500000| Untracked 
|  22|0x00000000e1600000, 0x00000000e1600000, 0x00000000e1700000|  0%| F|  |TAMS 0x00000000e1600000, 0x00000000e1600000| Untracked 
|  23|0x00000000e1700000, 0x00000000e1700000, 0x00000000e1800000|  0%| F|  |TAMS 0x00000000e1700000, 0x00000000e1700000| Untracked 
|  24|0x00000000e1800000, 0x00000000e1800000, 0x00000000e1900000|  0%| F|  |TAMS 0x00000000e1800000, 0x00000000e1800000| Untracked 
|  25|0x00000000e1900000, 0x00000000e1900000, 0x00000000e1a00000|  0%| F|  |TAMS 0x00000000e1900000, 0x00000000e1900000| Untracked 
|  26|0x00000000e1a00000, 0x00000000e1a00000, 0x00000000e1b00000|  0%| F|  |TAMS 0x00000000e1a00000, 0x00000000e1a00000| Untracked 
|  27|0x00000000e1b00000, 0x00000000e1b00000, 0x00000000e1c00000|  0%| F|  |TAMS 0x00000000e1b00000, 0x00000000e1b00000| Untracked 
|  28|0x00000000e1c00000, 0x00000000e1c00000, 0x00000000e1d00000|  0%| F|  |TAMS 0x00000000e1c00000, 0x00000000e1c00000| Untracked 
|  29|0x00000000e1d00000, 0x00000000e1d00000, 0x00000000e1e00000|  0%| F|  |TAMS 0x00000000e1d00000, 0x00000000e1d00000| Untracked 
|  30|0x00000000e1e00000, 0x00000000e1e00000, 0x00000000e1f00000|  0%| F|  |TAMS 0x00000000e1e00000, 0x00000000e1e00000| Untracked 
|  31|0x00000000e1f00000, 0x00000000e1f00000, 0x00000000e2000000|  0%| F|  |TAMS 0x00000000e1f00000, 0x00000000e1f00000| Untracked 
|  32|0x00000000e2000000, 0x00000000e2000000, 0x00000000e2100000|  0%| F|  |TAMS 0x00000000e2000000, 0x00000000e2000000| Untracked 
|  33|0x00000000e2100000, 0x00000000e2100000, 0x00000000e2200000|  0%| F|  |TAMS 0x00000000e2100000, 0x00000000e2100000| Untracked 
|  34|0x00000000e2200000, 0x00000000e2200000, 0x00000000e2300000|  0%| F|  |TAMS 0x00000000e2200000, 0x00000000e2200000| Untracked 
|  35|0x00000000e2300000, 0x00000000e23d2cd0, 0x00000000e2400000| 82%| S|CS|TAMS 0x00000000e2300000, 0x00000000e2300000| Complete 
|  36|0x00000000e2400000, 0x00000000e2500000, 0x00000000e2500000|100%| S|CS|TAMS 0x00000000e2400000, 0x00000000e2400000| Complete 
|  37|0x00000000e2500000, 0x00000000e2600000, 0x00000000e2600000|100%| S|CS|TAMS 0x00000000e2500000, 0x00000000e2500000| Complete 
|  38|0x00000000e2600000, 0x00000000e2700000, 0x00000000e2700000|100%| S|CS|TAMS 0x00000000e2600000, 0x00000000e2600000| Complete 
|  39|0x00000000e2700000, 0x00000000e2700000, 0x00000000e2800000|  0%| F|  |TAMS 0x00000000e2700000, 0x00000000e2700000| Untracked 
|  40|0x00000000e2800000, 0x00000000e2800000, 0x00000000e2900000|  0%| F|  |TAMS 0x00000000e2800000, 0x00000000e2800000| Untracked 
|  41|0x00000000e2900000, 0x00000000e2900000, 0x00000000e2a00000|  0%| F|  |TAMS 0x00000000e2900000, 0x00000000e2900000| Untracked 
|  42|0x00000000e2a00000, 0x00000000e2a00000, 0x00000000e2b00000|  0%| F|  |TAMS 0x00000000e2a00000, 0x00000000e2a00000| Untracked 
|  43|0x00000000e2b00000, 0x00000000e2b00000, 0x00000000e2c00000|  0%| F|  |TAMS 0x00000000e2b00000, 0x00000000e2b00000| Untracked 
|  44|0x00000000e2c00000, 0x00000000e2c00000, 0x00000000e2d00000|  0%| F|  |TAMS 0x00000000e2c00000, 0x00000000e2c00000| Untracked 
|  45|0x00000000e2d00000, 0x00000000e2d00000, 0x00000000e2e00000|  0%| F|  |TAMS 0x00000000e2d00000, 0x00000000e2d00000| Untracked 
|  46|0x00000000e2e00000, 0x00000000e2e00000, 0x00000000e2f00000|  0%| F|  |TAMS 0x00000000e2e00000, 0x00000000e2e00000| Untracked 
|  47|0x00000000e2f00000, 0x00000000e2f00000, 0x00000000e3000000|  0%| F|  |TAMS 0x00000000e2f00000, 0x00000000e2f00000| Untracked 
|  48|0x00000000e3000000, 0x00000000e3000000, 0x00000000e3100000|  0%| F|  |TAMS 0x00000000e3000000, 0x00000000e3000000| Untracked 
|  49|0x00000000e3100000, 0x00000000e3100000, 0x00000000e3200000|  0%| F|  |TAMS 0x00000000e3100000, 0x00000000e3100000| Untracked 
|  50|0x00000000e3200000, 0x00000000e3200000, 0x00000000e3300000|  0%| F|  |TAMS 0x00000000e3200000, 0x00000000e3200000| Untracked 
|  51|0x00000000e3300000, 0x00000000e3300000, 0x00000000e3400000|  0%| F|  |TAMS 0x00000000e3300000, 0x00000000e3300000| Untracked 
|  52|0x00000000e3400000, 0x00000000e3400000, 0x00000000e3500000|  0%| F|  |TAMS 0x00000000e3400000, 0x00000000e3400000| Untracked 
|  53|0x00000000e3500000, 0x00000000e3500000, 0x00000000e3600000|  0%| F|  |TAMS 0x00000000e3500000, 0x00000000e3500000| Untracked 
|  54|0x00000000e3600000, 0x00000000e3600000, 0x00000000e3700000|  0%| F|  |TAMS 0x00000000e3600000, 0x00000000e3600000| Untracked 
|  55|0x00000000e3700000, 0x00000000e3700000, 0x00000000e3800000|  0%| F|  |TAMS 0x00000000e3700000, 0x00000000e3700000| Untracked 
|  56|0x00000000e3800000, 0x00000000e3800000, 0x00000000e3900000|  0%| F|  |TAMS 0x00000000e3800000, 0x00000000e3800000| Untracked 
|  57|0x00000000e3900000, 0x00000000e3900000, 0x00000000e3a00000|  0%| F|  |TAMS 0x00000000e3900000, 0x00000000e3900000| Untracked 
|  58|0x00000000e3a00000, 0x00000000e3a00000, 0x00000000e3b00000|  0%| F|  |TAMS 0x00000000e3a00000, 0x00000000e3a00000| Untracked 
|  59|0x00000000e3b00000, 0x00000000e3b00000, 0x00000000e3c00000|  0%| F|  |TAMS 0x00000000e3b00000, 0x00000000e3b00000| Untracked 
|  60|0x00000000e3c00000, 0x00000000e3c00000, 0x00000000e3d00000|  0%| F|  |TAMS 0x00000000e3c00000, 0x00000000e3c00000| Untracked 
|  61|0x00000000e3d00000, 0x00000000e3d00000, 0x00000000e3e00000|  0%| F|  |TAMS 0x00000000e3d00000, 0x00000000e3d00000| Untracked 
|  62|0x00000000e3e00000, 0x00000000e3ee8938, 0x00000000e3f00000| 90%| E|  |TAMS 0x00000000e3e00000, 0x00000000e3e00000| Complete 
|  63|0x00000000e3f00000, 0x00000000e4000000, 0x00000000e4000000|100%| E|CS|TAMS 0x00000000e3f00000, 0x00000000e3f00000| Complete 

Card table byte_map: [0x000002481a200000,0x000002481a300000] _byte_map_base: 0x0000024819b00000

Marking Bits (Prev, Next): (CMBitMap*) 0x0000024802ad0de8, (CMBitMap*) 0x0000024802ad0e20
 Prev Bits: [0x000002481a400000, 0x000002481ac00000)
 Next Bits: [0x000002481ac00000, 0x000002481b400000)

Polling page: 0x0000024800890000

Metaspace:

Usage:
  Non-class:     18.52 MB capacity,    18.32 MB ( 99%) used,   172.79 KB ( <1%) free+waste,    30.31 KB ( <1%) overhead. 
      Class:      2.10 MB capacity,     1.98 MB ( 94%) used,   115.52 KB (  5%) free+waste,    13.00 KB ( <1%) overhead. 
       Both:     20.63 MB capacity,    20.30 MB ( 98%) used,   288.30 KB (  1%) free+waste,    43.31 KB ( <1%) overhead. 

Virtual space:
  Non-class space:       20.00 MB reserved,      18.67 MB ( 93%) committed 
      Class space:        1.00 GB reserved,       2.13 MB ( <1%) committed 
             Both:        1.02 GB reserved,      20.80 MB (  2%) committed 

Chunk freelists:
   Non-Class:  43.00 KB
       Class:  21.00 KB
        Both:  64.00 KB

MaxMetaspaceSize: 17179869184.00 GB
CompressedClassSpaceSize: 1.00 GB
Initial GC threshold: 20.80 MB
Current GC threshold: 20.80 MB
CDS: off

CodeHeap 'non-profiled nmethods': size=120064Kb used=857Kb max_used=857Kb free=119206Kb
 bounds [0x0000024812cc0000, 0x0000024812f30000, 0x000002481a200000]
CodeHeap 'profiled nmethods': size=120000Kb used=4723Kb max_used=4723Kb free=115276Kb
 bounds [0x000002480b790000, 0x000002480bc30000, 0x0000024812cc0000]
CodeHeap 'non-nmethods': size=5696Kb used=1173Kb max_used=1194Kb free=4523Kb
 bounds [0x000002480b200000, 0x000002480b470000, 0x000002480b790000]
 total_blobs=2489 nmethods=2056 adapters=345
 compilation: enabled
              stopped_count=0, restarted_count=0
 full_count=0

Compilation events (20 events):
Event: 14.773 Thread 0x000002481e215000 2053       2       org.aspectj.weaver.bcel.BcelObjectType::getDeclaredInterfaces (196 bytes)
Event: 14.775 Thread 0x000002481e215000 nmethod 2053 0x000002480bc23b90 code [0x000002480bc23e20, 0x000002480bc24998]
Event: 14.780 Thread 0x000002481e215000 2054       1       java.util.LinkedList::size (5 bytes)
Event: 14.780 Thread 0x000002481e215000 nmethod 2054 0x0000024812d95c10 code [0x0000024812d95dc0, 0x0000024812d95e78]
Event: 14.782 Thread 0x000002481e215000 2055       1       org.aspectj.weaver.bcel.LazyMethodGen::setMaxLocals (6 bytes)
Event: 14.782 Thread 0x000002481e215000 nmethod 2055 0x0000024812d95f10 code [0x0000024812d960c0, 0x0000024812d96178]
Event: 14.785 Thread 0x000002481e215000 2056       2       java.util.Collections$EmptyList::toArray (5 bytes)
Event: 14.785 Thread 0x000002481e215000 nmethod 2056 0x000002480bc24f10 code [0x000002480bc250c0, 0x000002480bc25258]
Event: 14.815 Thread 0x000002481e215000 2057   !   2       org.aspectj.apache.bcel.generic.Type::getReturnType (46 bytes)
Event: 14.817 Thread 0x000002481e215000 nmethod 2057 0x000002480bc25310 code [0x000002480bc25540, 0x000002480bc25a18]
Event: 14.817 Thread 0x000002481e215000 2058       2       org.aspectj.weaver.bcel.BcelClassWeaver::findSuperOrThisCall (85 bytes)
Event: 14.818 Thread 0x000002481e215000 nmethod 2058 0x000002480bc25e10 code [0x000002480bc26000, 0x000002480bc262c8]
Event: 14.818 Thread 0x000002481e215000 2059       2       org.aspectj.weaver.bcel.BcelShadow::makeConstructorExecution (65 bytes)
Event: 14.820 Thread 0x000002481e215000 nmethod 2059 0x000002480bc26510 code [0x000002480bc267e0, 0x000002480bc271f8]
Event: 14.833 Thread 0x000002481e215000 2061       2       org.aspectj.weaver.bcel.LazyMethodGen::unpackHandlers (149 bytes)
Event: 14.836 Thread 0x000002481e215000 nmethod 2061 0x000002480bc27890 code [0x000002480bc27be0, 0x000002480bc28b08]
Event: 14.891 Thread 0x000002481e215000 2062       1       org.aspectj.apache.bcel.classfile.InnerClasses::getInnerClasses (5 bytes)
Event: 14.892 Thread 0x000002481e215000 nmethod 2062 0x0000024812d96210 code [0x0000024812d963c0, 0x0000024812d96478]
Event: 14.903 Thread 0x000002481e215000 2063       2       org.aspectj.weaver.ResolvedType::<init> (30 bytes)
Event: 14.904 Thread 0x000002481e215000 nmethod 2063 0x000002480bc29690 code [0x000002480bc29860, 0x000002480bc29c78]

GC Heap History (10 events):
Event: 8.208 GC heap before
{Heap before GC invocations=0 (full 0):
 garbage-first heap   total 65536K, used 13312K [0x00000000e0000000, 0x0000000100000000)
  region size 1024K, 14 young (14336K), 0 survivors (0K)
 Metaspace       used 9679K, capacity 9838K, committed 9984K, reserved 1058816K
  class space    used 884K, capacity 961K, committed 1024K, reserved 1048576K
}
Event: 8.220 GC heap after
{Heap after GC invocations=1 (full 0):
 garbage-first heap   total 65536K, used 5066K [0x00000000e0000000, 0x0000000100000000)
  region size 1024K, 2 young (2048K), 2 survivors (2048K)
 Metaspace       used 9679K, capacity 9838K, committed 9984K, reserved 1058816K
  class space    used 884K, capacity 961K, committed 1024K, reserved 1048576K
}
Event: 8.598 GC heap before
{Heap before GC invocations=1 (full 0):
 garbage-first heap   total 65536K, used 15306K [0x00000000e0000000, 0x0000000100000000)
  region size 1024K, 12 young (12288K), 2 survivors (2048K)
 Metaspace       used 11614K, capacity 11761K, committed 12032K, reserved 1060864K
  class space    used 1083K, capacity 1154K, committed 1280K, reserved 1048576K
}
Event: 8.605 GC heap after
{Heap after GC invocations=2 (full 0):
 garbage-first heap   total 65536K, used 5442K [0x00000000e0000000, 0x0000000100000000)
  region size 1024K, 1 young (1024K), 1 survivors (1024K)
 Metaspace       used 11614K, capacity 11761K, committed 12032K, reserved 1060864K
  class space    used 1083K, capacity 1154K, committed 1280K, reserved 1048576K
}
Event: 13.117 GC heap before
{Heap before GC invocations=2 (full 0):
 garbage-first heap   total 65536K, used 27970K [0x00000000e0000000, 0x0000000100000000)
  region size 1024K, 24 young (24576K), 1 survivors (1024K)
 Metaspace       used 18112K, capacity 18511K, committed 18688K, reserved 1067008K
  class space    used 1831K, capacity 1925K, committed 2048K, reserved 1048576K
}
Event: 13.130 GC heap after
{Heap after GC invocations=3 (full 0):
 garbage-first heap   total 65536K, used 9199K [0x00000000e0000000, 0x0000000100000000)
  region size 1024K, 3 young (3072K), 3 survivors (3072K)
 Metaspace       used 18112K, capacity 18511K, committed 18688K, reserved 1067008K
  class space    used 1831K, capacity 1925K, committed 2048K, reserved 1048576K
}
Event: 14.164 GC heap before
{Heap before GC invocations=3 (full 0):
 garbage-first heap   total 65536K, used 35823K [0x00000000e0000000, 0x0000000100000000)
  region size 1024K, 29 young (29696K), 3 survivors (3072K)
 Metaspace       used 19308K, capacity 19677K, committed 19840K, reserved 1067008K
  class space    used 1914K, capacity 2058K, committed 2176K, reserved 1048576K
}
Event: 14.186 GC heap after
{Heap after GC invocations=4 (full 0):
 garbage-first heap   total 65536K, used 15071K [0x00000000e0000000, 0x0000000100000000)
  region size 1024K, 4 young (4096K), 4 survivors (4096K)
 Metaspace       used 19308K, capacity 19677K, committed 19840K, reserved 1067008K
  class space    used 1914K, capacity 2058K, committed 2176K, reserved 1048576K
}
Event: 14.842 GC heap before
{Heap before GC invocations=4 (full 0):
 garbage-first heap   total 65536K, used 39647K [0x00000000e0000000, 0x0000000100000000)
  region size 1024K, 29 young (29696K), 4 survivors (4096K)
 Metaspace       used 20700K, capacity 21056K, committed 21120K, reserved 1069056K
  class space    used 2016K, capacity 2155K, committed 2176K, reserved 1048576K
}
Event: 14.883 GC heap after
{Heap after GC invocations=5 (full 0):
 garbage-first heap   total 65536K, used 18919K [0x00000000e0000000, 0x0000000100000000)
  region size 1024K, 4 young (4096K), 4 survivors (4096K)
 Metaspace       used 20700K, capacity 21056K, committed 21120K, reserved 1069056K
  class space    used 2016K, capacity 2155K, committed 2176K, reserved 1048576K
}

Deoptimization events (20 events):
Event: 13.781 Thread 0x0000024802aa9000 DEOPT PACKING pc=0x000002480ba8d2b8 sp=0x000000d7dc8f8c90
Event: 13.781 Thread 0x0000024802aa9000 DEOPT UNPACKING pc=0x000002480b24a95e sp=0x000000d7dc8f8198 mode 0
Event: 13.977 Thread 0x0000024802aa9000 DEOPT PACKING pc=0x000002480ba8d2b8 sp=0x000000d7dc8f7b50
Event: 13.977 Thread 0x0000024802aa9000 DEOPT UNPACKING pc=0x000002480b24a95e sp=0x000000d7dc8f7058 mode 0
Event: 14.082 Thread 0x0000024802aa9000 DEOPT PACKING pc=0x000002480ba8d2b8 sp=0x000000d7dc8f56c0
Event: 14.082 Thread 0x0000024802aa9000 DEOPT UNPACKING pc=0x000002480b24a95e sp=0x000000d7dc8f4bc8 mode 0
Event: 14.233 Thread 0x0000024802aa9000 DEOPT PACKING pc=0x000002480ba8d2b8 sp=0x000000d7dc8f7340
Event: 14.233 Thread 0x0000024802aa9000 DEOPT UNPACKING pc=0x000002480b24a95e sp=0x000000d7dc8f6848 mode 0
Event: 14.368 Thread 0x0000024802aa9000 Uncommon trap: trap_request=0xffffff4d fr.pc=0x0000024812d30a10 relative=0x0000000000000cf0
Event: 14.368 Thread 0x0000024802aa9000 Uncommon trap: reason=unstable_if action=reinterpret pc=0x0000024812d30a10 method=org.aspectj.apache.bcel.classfile.Constant.readConstant(Ljava/io/DataInputStream;)Lorg/aspectj/apache/bcel/classfile/Constant; @ 6 c2
Event: 14.368 Thread 0x0000024802aa9000 DEOPT PACKING pc=0x0000024812d30a10 sp=0x000000d7dc8f71c0
Event: 14.368 Thread 0x0000024802aa9000 DEOPT UNPACKING pc=0x000002480b24a1af sp=0x000000d7dc8f7190 mode 2
Event: 14.434 Thread 0x0000024802aa9000 DEOPT PACKING pc=0x000002480ba8d2b8 sp=0x000000d7dc8f71c0
Event: 14.434 Thread 0x0000024802aa9000 DEOPT UNPACKING pc=0x000002480b24a95e sp=0x000000d7dc8f66c8 mode 0
Event: 14.595 Thread 0x0000024802aa9000 Uncommon trap: trap_request=0xffffffc6 fr.pc=0x0000024812d4ceb4 relative=0x0000000000000df4
Event: 14.595 Thread 0x0000024802aa9000 Uncommon trap: reason=bimorphic_or_optimized_type_check action=maybe_recompile pc=0x0000024812d4ceb4 method=java.util.HashMap.putVal(ILjava/lang/Object;Ljava/lang/Object;ZZ)Ljava/lang/Object; @ 91 c2
Event: 14.595 Thread 0x0000024802aa9000 DEOPT PACKING pc=0x0000024812d4ceb4 sp=0x000000d7dc8f7770
Event: 14.595 Thread 0x0000024802aa9000 DEOPT UNPACKING pc=0x000002480b24a1af sp=0x000000d7dc8f76a0 mode 2
Event: 14.694 Thread 0x0000024802aa9000 DEOPT PACKING pc=0x000002480ba8d2b8 sp=0x000000d7dc8f77d0
Event: 14.694 Thread 0x0000024802aa9000 DEOPT UNPACKING pc=0x000002480b24a95e sp=0x000000d7dc8f6cd8 mode 0

Classes redefined (0 events):
No events

Internal exceptions (20 events):
Event: 8.683 Thread 0x0000024802aa9000 Exception <a 'java/lang/ArrayIndexOutOfBoundsException'{0x00000000e3eb8d40}: Index 7 out of bounds for length 7> (0x00000000e3eb8d40) thrown at [./src/hotspot/share/interpreter/interpreterRuntime.cpp, line 444]
Event: 8.683 Thread 0x0000024802aa9000 Exception <a 'java/lang/ArrayIndexOutOfBoundsException'{0x00000000e3eb9308}: Index 7 out of bounds for length 7> (0x00000000e3eb9308) thrown at [./src/hotspot/share/interpreter/interpreterRuntime.cpp, line 444]
Event: 8.694 Thread 0x0000024802aa9000 Exception <a 'java/lang/ArrayIndexOutOfBoundsException'{0x00000000e3d09070}: Index 11 out of bounds for length 11> (0x00000000e3d09070) thrown at [./src/hotspot/share/interpreter/interpreterRuntime.cpp, line 444]
Event: 8.694 Thread 0x0000024802aa9000 Exception <a 'java/lang/ArrayIndexOutOfBoundsException'{0x00000000e3d09638}: Index 11 out of bounds for length 11> (0x00000000e3d09638) thrown at [./src/hotspot/share/interpreter/interpreterRuntime.cpp, line 444]
Event: 8.694 Thread 0x0000024802aa9000 Exception <a 'java/lang/ArrayIndexOutOfBoundsException'{0x00000000e3d09c00}: Index 11 out of bounds for length 11> (0x00000000e3d09c00) thrown at [./src/hotspot/share/interpreter/interpreterRuntime.cpp, line 444]
Event: 8.694 Thread 0x0000024802aa9000 Exception <a 'java/lang/ArrayIndexOutOfBoundsException'{0x00000000e3d0b068}: Index 9 out of bounds for length 9> (0x00000000e3d0b068) thrown at [./src/hotspot/share/interpreter/interpreterRuntime.cpp, line 444]
Event: 8.694 Thread 0x0000024802aa9000 Exception <a 'java/lang/ArrayIndexOutOfBoundsException'{0x00000000e3d0b630}: Index 9 out of bounds for length 9> (0x00000000e3d0b630) thrown at [./src/hotspot/share/interpreter/interpreterRuntime.cpp, line 444]
Event: 8.694 Thread 0x0000024802aa9000 Exception <a 'java/lang/ArrayIndexOutOfBoundsException'{0x00000000e3d0bbf8}: Index 9 out of bounds for length 9> (0x00000000e3d0bbf8) thrown at [./src/hotspot/share/interpreter/interpreterRuntime.cpp, line 444]
Event: 8.695 Thread 0x0000024802aa9000 Exception <a 'java/lang/ArrayIndexOutOfBoundsException'{0x00000000e3d10ee8}: Index 7 out of bounds for length 7> (0x00000000e3d10ee8) thrown at [./src/hotspot/share/interpreter/interpreterRuntime.cpp, line 444]
Event: 8.695 Thread 0x0000024802aa9000 Exception <a 'java/lang/ArrayIndexOutOfBoundsException'{0x00000000e3d114b0}: Index 7 out of bounds for length 7> (0x00000000e3d114b0) thrown at [./src/hotspot/share/interpreter/interpreterRuntime.cpp, line 444]
Event: 8.695 Thread 0x0000024802aa9000 Exception <a 'java/lang/ArrayIndexOutOfBoundsException'{0x00000000e3d11a78}: Index 7 out of bounds for length 7> (0x00000000e3d11a78) thrown at [./src/hotspot/share/interpreter/interpreterRuntime.cpp, line 444]
Event: 11.821 Thread 0x0000024802aa9000 Exception <a 'java/lang/NoSuchMethodError'{0x00000000e305f0a8}: 'java.lang.Object java.lang.invoke.DirectMethodHandle$Holder.invokeVirtual(java.lang.Object, java.lang.Object, java.lang.Object, java.lang.Object, java.lang.Object, java.lang.Object, java.lang.Object)'> (0x00000000e305f0a8) thrown at [./src/hotspot/share/interpreter/linkResolver.cpp, line 773]
Event: 11.825 Thread 0x0000024802aa9000 Exception <a 'java/lang/NoSuchMethodError'{0x00000000e3073f98}: 'java.lang.Object java.lang.invoke.Invokers$Holder.invoker(java.lang.Object, java.lang.Object, java.lang.Object)'> (0x00000000e3073f98) thrown at [./src/hotspot/share/interpreter/linkResolver.cpp, line 773]
Event: 11.832 Thread 0x0000024802aa9000 Exception <a 'java/lang/NoSuchMethodError'{0x00000000e3088b48}: 'void java.lang.invoke.DelegatingMethodHandle$Holder.delegate(java.lang.Object, java.lang.Object, int, java.lang.Object)'> (0x00000000e3088b48) thrown at [./src/hotspot/share/interpreter/linkResolver.cpp, line 773]
Event: 12.121 Thread 0x0000024802aa9000 Exception <a 'java/lang/NoSuchMethodError'{0x00000000e2d8b290}: <clinit>> (0x00000000e2d8b290) thrown at [./src/hotspot/share/prims/jni.cpp, line 1367]
Event: 12.123 Thread 0x0000024802aa9000 Exception <a 'java/lang/NoSuchMethodError'{0x00000000e2d94410}: <clinit>> (0x00000000e2d94410) thrown at [./src/hotspot/share/prims/jni.cpp, line 1367]
Event: 12.127 Thread 0x0000024802aa9000 Exception <a 'java/lang/NoSuchMethodError'{0x00000000e2d9dba8}: <clinit>> (0x00000000e2d9dba8) thrown at [./src/hotspot/share/prims/jni.cpp, line 1367]
Event: 12.350 Thread 0x0000024802aa9000 Exception <a 'java/lang/NoSuchMethodError'{0x00000000e29495e0}: 'java.lang.Object java.lang.invoke.DirectMethodHandle$Holder.invokeStaticInit(java.lang.Object, int, int, int, int)'> (0x00000000e29495e0) thrown at [./src/hotspot/share/interpreter/linkResolver.cpp, line 773]
Event: 13.072 Thread 0x0000024802aa9000 Exception <a 'java/lang/NoSuchMethodError'{0x00000000e29d2dd0}: 'java.lang.Object java.lang.invoke.DirectMethodHandle$Holder.invokeStaticInit(java.lang.Object, java.lang.Object, int, int, int, int)'> (0x00000000e29d2dd0) thrown at [./src/hotspot/share/interpreter/linkResolver.cpp, line 773]
Event: 13.569 Thread 0x0000024802aa9000 Exception <a 'java/lang/NoClassDefFoundError'{0x00000000e3815f60}: org/slf4j/impl/StaticLoggerBinder> (0x00000000e3815f60) thrown at [./src/hotspot/share/classfile/systemDictionary.cpp, line 219]

Events (20 events):
Event: 14.807 loading class com/fasterxml/jackson/core/base/GeneratorBase
Event: 14.807 loading class com/fasterxml/jackson/core/base/GeneratorBase done
Event: 14.811 loading class com/fasterxml/jackson/core/json/WriterBasedJsonGenerator
Event: 14.811 loading class com/fasterxml/jackson/core/json/WriterBasedJsonGenerator done
Event: 14.818 loading class com/fasterxml/jackson/core/json/ReaderBasedJsonParser
Event: 14.818 loading class com/fasterxml/jackson/core/json/ReaderBasedJsonParser done
Event: 14.828 loading class com/fasterxml/jackson/core/json/UTF8DataInputJsonParser
Event: 14.828 loading class com/fasterxml/jackson/core/json/UTF8DataInputJsonParser done
Event: 14.835 loading class com/fasterxml/jackson/core/io/UTF8Writer
Event: 14.835 loading class com/fasterxml/jackson/core/io/UTF8Writer done
Event: 14.841 loading class com/fasterxml/jackson/core/JsonFactory$Feature
Event: 14.841 loading class com/fasterxml/jackson/core/JsonFactory$Feature done
Event: 14.841 Executing VM operation: G1CollectForAllocation
Event: 14.883 Executing VM operation: G1CollectForAllocation done
Event: 14.894 loading class com/fasterxml/jackson/core/util/JacksonFeature
Event: 14.894 loading class com/fasterxml/jackson/core/util/JacksonFeature done
Event: 14.897 loading class com/fasterxml/jackson/core/JsonParser$Feature
Event: 14.897 loading class com/fasterxml/jackson/core/JsonParser$Feature done
Event: 14.905 loading class com/fasterxml/jackson/core/JsonGenerator$Feature
Event: 14.905 loading class com/fasterxml/jackson/core/JsonGenerator$Feature done


Dynamic libraries:
0x00007ff6647b0000 - 0x00007ff6647bd000 	C:\Users\VTB\.jdks\corretto-11.0.15\bin\java.exe
0x00007ffe959f0000 - 0x00007ffe95be8000 	C:\WINDOWS\SYSTEM32\ntdll.dll
0x00007ffe94de0000 - 0x00007ffe94e9f000 	C:\WINDOWS\System32\KERNEL32.DLL
0x00007ffe93460000 - 0x00007ffe93732000 	C:\WINDOWS\System32\KERNELBASE.dll
0x00007ffe930f0000 - 0x00007ffe931f0000 	C:\WINDOWS\System32\ucrtbase.dll
0x00007ffe723c0000 - 0x00007ffe723d7000 	C:\Users\VTB\.jdks\corretto-11.0.15\bin\jli.dll
0x00007ffe94ea0000 - 0x00007ffe9503d000 	C:\WINDOWS\System32\USER32.dll
0x00007ffe93290000 - 0x00007ffe932b2000 	C:\WINDOWS\System32\win32u.dll
0x00007ffe943d0000 - 0x00007ffe943fb000 	C:\WINDOWS\System32\GDI32.dll
0x00007ffe93930000 - 0x00007ffe93a3f000 	C:\WINDOWS\System32\gdi32full.dll
0x00007ffe931f0000 - 0x00007ffe9328d000 	C:\WINDOWS\System32\msvcp_win.dll
0x00007ffe811a0000 - 0x00007ffe811b9000 	C:\Users\VTB\.jdks\corretto-11.0.15\bin\VCRUNTIME140.dll
0x00007ffe7a8b0000 - 0x00007ffe7ab4a000 	C:\WINDOWS\WinSxS\amd64_microsoft.windows.common-controls_6595b64144ccf1df_6.0.19041.1110_none_60b5254171f9507e\COMCTL32.dll
0x00007ffe950a0000 - 0x00007ffe9513e000 	C:\WINDOWS\System32\msvcrt.dll
0x00007ffe93f40000 - 0x00007ffe93f72000 	C:\WINDOWS\System32\IMM32.DLL
0x00007ffe6cb40000 - 0x00007ffe6cbdb000 	C:\Users\VTB\.jdks\corretto-11.0.15\bin\msvcp140.dll
0x00007ffe5fff0000 - 0x00007ffe60b73000 	C:\Users\VTB\.jdks\corretto-11.0.15\bin\server\jvm.dll
0x00007ffe94400000 - 0x00007ffe944ae000 	C:\WINDOWS\System32\ADVAPI32.dll
0x00007ffe956e0000 - 0x00007ffe9577c000 	C:\WINDOWS\System32\sechost.dll
0x00007ffe93d70000 - 0x00007ffe93e95000 	C:\WINDOWS\System32\RPCRT4.dll
0x00007ffe943c0000 - 0x00007ffe943c8000 	C:\WINDOWS\System32\PSAPI.DLL
0x00007ffe75da0000 - 0x00007ffe75dc7000 	C:\WINDOWS\SYSTEM32\WINMM.dll
0x00007ffe91f30000 - 0x00007ffe91f3a000 	C:\WINDOWS\SYSTEM32\VERSION.dll
0x00007ffe8db20000 - 0x00007ffe8db29000 	C:\WINDOWS\SYSTEM32\WSOCK32.dll
0x00007ffe95810000 - 0x00007ffe9587b000 	C:\WINDOWS\System32\ws2_32.DLL
0x00007ffe91750000 - 0x00007ffe91762000 	C:\WINDOWS\SYSTEM32\kernel.appcore.dll
0x00007ffe8e740000 - 0x00007ffe8e750000 	C:\Users\VTB\.jdks\corretto-11.0.15\bin\verify.dll
0x00007ffe90be0000 - 0x00007ffe90dc4000 	C:\WINDOWS\SYSTEM32\DBGHELP.DLL
0x00007ffe8c480000 - 0x00007ffe8c4ac000 	C:\WINDOWS\SYSTEM32\dbgcore.DLL
0x00007ffe938a0000 - 0x00007ffe93922000 	C:\WINDOWS\System32\bcryptPrimitives.dll
0x00007ffe6c920000 - 0x00007ffe6c948000 	C:\Users\VTB\.jdks\corretto-11.0.15\bin\java.dll
0x00007ffe8d4a0000 - 0x00007ffe8d4aa000 	C:\Users\VTB\.jdks\corretto-11.0.15\bin\jimage.dll
0x00007ffe8a4f0000 - 0x00007ffe8a4fe000 	C:\Users\VTB\.jdks\corretto-11.0.15\bin\instrument.dll
0x00007ffe6ce50000 - 0x00007ffe6ce68000 	C:\Users\VTB\.jdks\corretto-11.0.15\bin\zip.dll
0x00007ffe94690000 - 0x00007ffe94dd3000 	C:\WINDOWS\System32\SHELL32.dll
0x00007ffe91770000 - 0x00007ffe91f02000 	C:\WINDOWS\SYSTEM32\windows.storage.dll
0x00007ffe93f80000 - 0x00007ffe942d4000 	C:\WINDOWS\System32\combase.dll
0x00007ffe92b50000 - 0x00007ffe92b80000 	C:\WINDOWS\SYSTEM32\Wldp.dll
0x00007ffe944b0000 - 0x00007ffe9455d000 	C:\WINDOWS\System32\SHCORE.dll
0x00007ffe95880000 - 0x00007ffe958d5000 	C:\WINDOWS\System32\shlwapi.dll
0x00007ffe93030000 - 0x00007ffe9304f000 	C:\WINDOWS\SYSTEM32\profapi.dll
0x00007ffe6cd70000 - 0x00007ffe6cd89000 	C:\Users\VTB\.jdks\corretto-11.0.15\bin\net.dll
0x00007ffe8c000000 - 0x00007ffe8c10c000 	C:\WINDOWS\SYSTEM32\WINHTTP.dll
0x00007ffe92870000 - 0x00007ffe928da000 	C:\WINDOWS\system32\mswsock.dll
0x00007ffe6ca60000 - 0x00007ffe6ca73000 	C:\Users\VTB\.jdks\corretto-11.0.15\bin\nio.dll
0x00007ffe92aa0000 - 0x00007ffe92ab8000 	C:\WINDOWS\SYSTEM32\CRYPTSP.dll
0x00007ffe92120000 - 0x00007ffe92154000 	C:\WINDOWS\system32\rsaenh.dll
0x00007ffe93430000 - 0x00007ffe93457000 	C:\WINDOWS\System32\bcrypt.dll
0x00007ffe92ff0000 - 0x00007ffe9301e000 	C:\WINDOWS\SYSTEM32\USERENV.dll
0x00007ffe92ac0000 - 0x00007ffe92acc000 	C:\WINDOWS\SYSTEM32\CRYPTBASE.dll
0x00007ffe92520000 - 0x00007ffe9255b000 	C:\WINDOWS\SYSTEM32\IPHLPAPI.DLL
0x00007ffe93b00000 - 0x00007ffe93b08000 	C:\WINDOWS\System32\NSI.dll
0x00007ffe8ada0000 - 0x00007ffe8adb7000 	C:\WINDOWS\SYSTEM32\dhcpcsvc6.DLL
0x00007ffe8ad80000 - 0x00007ffe8ad9d000 	C:\WINDOWS\SYSTEM32\dhcpcsvc.DLL
0x00007ffe92560000 - 0x00007ffe9262a000 	C:\WINDOWS\SYSTEM32\DNSAPI.dll

dbghelp: loaded successfully - version: 4.0.5 - missing functions: none
symbol engine: initialized successfully - sym options: 0x614 - pdb path: .;C:\Users\VTB\.jdks\corretto-11.0.15\bin;C:\WINDOWS\SYSTEM32;C:\WINDOWS\WinSxS\amd64_microsoft.windows.common-controls_6595b64144ccf1df_6.0.19041.1110_none_60b5254171f9507e;C:\Users\VTB\.jdks\corretto-11.0.15\bin\server

VM Arguments:
jvm_args: -Dallure.results.directory=C:\Net3\IdeaProjects\DiplomaV2\qadiplomav2\build\allure-results -Ddb.url -Djunit.jupiter.extensions.autodetection.enabled=true -Dorg.gradle.internal.worker.tmpdir=C:\Net3\IdeaProjects\DiplomaV2\qadiplomav2\build\tmp\test\work -Dorg.gradle.native=false -Dselenide.headless -javaagent:C:\Users\VTB\.gradle\caches\modules-2\files-2.1\org.aspectj\aspectjweaver\1.9.5\1740dc9140103b796d1722668805fd4cf852780c\aspectjweaver-1.9.5.jar --add-opens=java.base/java.util=ALL-UNNAMED --add-opens=java.base/java.lang=ALL-UNNAMED -Xmx512m -Dfile.encoding=windows-1251 -Duser.country=RU -Duser.language=ru -Duser.variant -ea 
java_command: worker.org.gradle.process.internal.worker.GradleWorkerMain 'Gradle Test Executor 2'
java_class_path (initial): C:\\Users\\VTB\\.gradle\\caches\\7.4\\workerMain\\gradle-worker.jar;C:\\Net3\\IdeaProjects\\DiplomaV2\\qadiplomav2\\build\\classes\\java\\test;C:\\Users\\VTB\\.gradle\\caches\\modules-2\\files-2.1\\io.qameta.allure\\allure-junit5\\2.13.9\\25de92f6e1bdb6086df52d40bb827bb84d7e6d92\\allure-junit5-2.13.9.jar;C:\\Users\\VTB\\.gradle\\caches\\modules-2\\files-2.1\\io.qameta.allure\\allure-junit-platform\\2.13.9\\b7e51f13b3db2daa85edfcb013b86a64e651b0b8\\allure-junit-platform-2.13.9.jar;C:\\Users\\VTB\\.gradle\\caches\\modules-2\\files-2.1\\org.junit.platform\\junit-platform-launcher\\1.9.0\\367a24bb63baca99a181ea921da8e21af0656e7c\\junit-platform-launcher-1.9.0.jar;C:\\Users\\VTB\\.gradle\\caches\\modules-2\\files-2.1\\org.junit.platform\\junit-platform-engine\\1.9.0\\bd46891f01817b5ffdd368cb0482a34746610acb\\junit-platform-engine-1.9.0.jar;C:\\Users\\VTB\\.gradle\\caches\\modules-2\\files-2.1\\org.junit.platform\\junit-platform-commons\\1.9.0\\b727889107fc28c7460b21d1083212f8ce7602c6\\junit-platform-commons-1.9.0.jar;C:\\Users\\VTB\\.gradle\\caches\\modules-2\\files-2.1\\org.junit.jupiter\\junit-jupiter-engine\\5.9.0\\cc1cb5efae97493dcffb687253a0964ad2e7b99\\junit-jupiter-engine-5.9.0.jar;C:\\Users\\VTB\\.gradle\\caches\\modules-2\\files-2.1\\org.junit.jupiter\\junit-jupiter-api\\5.9.0\\a44f7eba3ea214f6ec87ad9fccd3b2ac4681a4\\junit-jupiter-api-5.9.0.jar;C:\\Users\\VTB\\.gradle\\caches\\modules-2\\files-2.1\\mysql\\mysql-connector-java\\8.0.30\\b26dd6e4e917d3d4726c34d09d2fd67df7c1dd37\\mysql-connector-java-8.0.30.jar;C:\\Users\\VTB\\.gradle\\caches\\modules-2\\files-2.1\\postgresql\\postgresql\\9.0-801.jdbc4\\153f2f92a786f12fc111d0111f709012df87c808\\postgresql-9.0-801.jdbc4.jar;C:\\Users\\VTB\\.gradle\\caches\\modules-2\\files-2.1\\commons-dbutils\\commons-dbutils\\1.7\\a2d6e515aa87e5d38f6b3003e70b13c1b1f19ca0\\commons-dbutils-1.7.jar;C:\\Users\\VTB\\.gradle\\caches\\modules-2\\files-2.1\\io.qameta.allure\\allure-selenide\\2.13.0\\12a72691903
Launcher Type: SUN_STANDARD

[Global flags]
     intx CICompilerCount                          = 3                                         {product} {ergonomic}
     uint ConcGCThreads                            = 1                                         {product} {ergonomic}
     uint G1ConcRefinementThreads                  = 4                                         {product} {ergonomic}
   size_t G1HeapRegionSize                         = 1048576                                   {product} {ergonomic}
    uintx GCDrainStackTargetSize                   = 64                                        {product} {ergonomic}
   size_t InitialHeapSize                          = 67108864                                  {product} {ergonomic}
   size_t MarkStackSize                            = 4194304                                   {product} {ergonomic}
   size_t MaxHeapSize                              = 536870912                                 {product} {command line}
   size_t MaxNewSize                               = 321912832                                 {product} {ergonomic}
   size_t MinHeapDeltaBytes                        = 1048576                                   {product} {ergonomic}
    uintx NonNMethodCodeHeapSize                   = 5830732                                {pd product} {ergonomic}
    uintx NonProfiledCodeHeapSize                  = 122913754                              {pd product} {ergonomic}
    uintx ProfiledCodeHeapSize                     = 122913754                              {pd product} {ergonomic}
    uintx ReservedCodeCacheSize                    = 251658240                              {pd product} {ergonomic}
     bool SegmentedCodeCache                       = true                                      {product} {ergonomic}
     bool UseCompressedClassPointers               = true                                 {lp64_product} {ergonomic}
     bool UseCompressedOops                        = true                                 {lp64_product} {ergonomic}
     bool UseG1GC                                  = true                                      {product} {ergonomic}
     bool UseLargePagesIndividualAllocation        = false                                  {pd product} {ergonomic}

Logging:
Log output configuration:
 #0: stdout all=warning uptime,level,tags
 #1: stderr all=off uptime,level,tags

Environment Variables:
PATH=C:\Program Files\Eclipse Adoptium\jdk-11.0.15.10-hotspot\bin;C:\Program Files (x86)\Intel\Intel(R) Management Engine Components\iCLS\;C:\Program Files\Intel\Intel(R) Management Engine Components\iCLS\;C:\WINDOWS\system32;C:\WINDOWS;C:\WINDOWS\System32\Wbem;C:\WINDOWS\System32\WindowsPowerShell\v1.0\;C:\WINDOWS\System32\OpenSSH\;C:\Program Files (x86)\Intel\Intel(R) Management Engine Components\DAL;C:\Program Files\Intel\Intel(R) Management Engine Components\DAL;C:\Program Files (x86)\Intel\Intel(R) Management Engine Components\IPT;C:\Program Files\Intel\Intel(R) Management Engine Components\IPT;C:\Program Files\SafeNet\Authentication\SAC\x64;C:\Program Files\SafeNet\Authentication\SAC\x32;C:\Program Files\Git\cmd;C:\Program Files\Docker\Docker\resources\bin;C:\Users\VTB\AppData\Local\Microsoft\WindowsApps;
USERNAME=VTB
OS=Windows_NT
PROCESSOR_IDENTIFIER=Intel64 Family 6 Model 78 Stepping 3, GenuineIntel



---------------  S Y S T E M  ---------------

OS: Windows 10 , 64 bit Build 19041 (10.0.19041.2251)
OS uptime: 0 days 7:08 hours
Hyper-V role detected

CPU:total 4 (initial active 4) (2 cores per cpu, 2 threads per core) family 6 model 78 stepping 3 microcode 0xcc, cmov, cx8, fxsr, mmx, sse, sse2, sse3, ssse3, sse4.1, sse4.2, popcnt, avx, avx2, aes, clmul, erms, 3dnowpref, lzcnt, ht, tsc, tscinvbit, bmi1, bmi2, adx, fma

Memory: 4k page, system-wide physical 3975M (15M free)
TotalPageFile size 16263M (AvailPageFile size 4M)
current process WorkingSet (physical memory assigned to process): 134M, peak: 134M
current process commit charge ("private bytes"): 183M, peak: 185M

vm_info: OpenJDK 64-Bit Server VM (11.0.15+9-LTS) for windows-amd64 JRE (11.0.15+9-LTS), built on Apr 15 2022 22:20:31 by "Administrator" with unknown MS VC++:1916

END.
